<?xml version="1.0" encoding="UTF-8"?>
<testng-results skipped="0" failed="0" total="6" passed="6">
  <reporter-output>
  </reporter-output>
  <suite name="Suite" duration-ms="33389" started-at="2018-01-20T12:04:44Z" finished-at="2018-01-20T12:05:18Z">
    <groups>
    </groups>
    <test name="Test3" duration-ms="16062" started-at="2018-01-20T12:04:44Z" finished-at="2018-01-20T12:05:00Z">
      <class name="grid_hub_node.Grid_Demo_parallel">
        <test-method status="PASS" signature="selenium_check(java.lang.String)[pri:0, instance:grid_hub_node.Grid_Demo_parallel@573f2bb1]" name="selenium_check" duration-ms="16043" started-at="2018-01-20T17:34:44Z" finished-at="2018-01-20T17:35:00Z">
          <params>
            <param index="0">
              <value>
                <![CDATA[pc3]]>
              </value>
            </param>
          </params>
          <reporter-output>
          </reporter-output>
        </test-method> <!-- selenium_check -->
      </class> <!-- grid_hub_node.Grid_Demo_parallel -->
    </test> <!-- Test3 -->
    <test name="Test4" duration-ms="17823" started-at="2018-01-20T12:04:44Z" finished-at="2018-01-20T12:05:02Z">
      <class name="grid_hub_node.Grid_Demo_parallel">
        <test-method status="PASS" signature="selenium_check(java.lang.String)[pri:0, instance:grid_hub_node.Grid_Demo_parallel@5f375618]" name="selenium_check" duration-ms="17809" started-at="2018-01-20T17:34:44Z" finished-at="2018-01-20T17:35:02Z">
          <params>
            <param index="0">
              <value>
                <![CDATA[pc4]]>
              </value>
            </param>
          </params>
          <reporter-output>
          </reporter-output>
        </test-method> <!-- selenium_check -->
      </class> <!-- grid_hub_node.Grid_Demo_parallel -->
    </test> <!-- Test4 -->
    <test name="Test2" duration-ms="21026" started-at="2018-01-20T12:04:44Z" finished-at="2018-01-20T12:05:05Z">
      <class name="grid_hub_node.Grid_Demo_parallel">
        <test-method status="PASS" signature="selenium_check(java.lang.String)[pri:0, instance:grid_hub_node.Grid_Demo_parallel@1efbd816]" name="selenium_check" duration-ms="21014" started-at="2018-01-20T17:34:44Z" finished-at="2018-01-20T17:35:05Z">
          <params>
            <param index="0">
              <value>
                <![CDATA[pc2]]>
              </value>
            </param>
          </params>
          <reporter-output>
          </reporter-output>
        </test-method> <!-- selenium_check -->
      </class> <!-- grid_hub_node.Grid_Demo_parallel -->
    </test> <!-- Test2 -->
    <test name="Test6" duration-ms="21884" started-at="2018-01-20T12:04:44Z" finished-at="2018-01-20T12:05:06Z">
      <class name="grid_hub_node.Grid_Demo_parallel">
        <test-method status="PASS" signature="selenium_check(java.lang.String)[pri:0, instance:grid_hub_node.Grid_Demo_parallel@36d4b5c]" name="selenium_check" duration-ms="21870" started-at="2018-01-20T17:34:44Z" finished-at="2018-01-20T17:35:06Z">
          <params>
            <param index="0">
              <value>
                <![CDATA[pc6]]>
              </value>
            </param>
          </params>
          <reporter-output>
          </reporter-output>
        </test-method> <!-- selenium_check -->
      </class> <!-- grid_hub_node.Grid_Demo_parallel -->
    </test> <!-- Test6 -->
    <test name="Test5" duration-ms="23883" started-at="2018-01-20T12:04:44Z" finished-at="2018-01-20T12:05:08Z">
      <class name="grid_hub_node.Grid_Demo_parallel">
        <test-method status="PASS" signature="selenium_check(java.lang.String)[pri:0, instance:grid_hub_node.Grid_Demo_parallel@5d5eef3d]" name="selenium_check" duration-ms="23869" started-at="2018-01-20T17:34:44Z" finished-at="2018-01-20T17:35:08Z">
          <params>
            <param index="0">
              <value>
                <![CDATA[pc5]]>
              </value>
            </param>
          </params>
          <reporter-output>
          </reporter-output>
        </test-method> <!-- selenium_check -->
      </class> <!-- grid_hub_node.Grid_Demo_parallel -->
    </test> <!-- Test5 -->
    <test name="Test1" duration-ms="33389" started-at="2018-01-20T12:04:44Z" finished-at="2018-01-20T12:05:18Z">
      <class name="grid_hub_node.Grid_Demo_parallel">
        <test-method status="PASS" signature="selenium_check(java.lang.String)[pri:0, instance:grid_hub_node.Grid_Demo_parallel@2cb4c3ab]" name="selenium_check" duration-ms="33375" started-at="2018-01-20T17:34:44Z" finished-at="2018-01-20T17:35:18Z">
          <params>
            <param index="0">
              <value>
                <![CDATA[pc1]]>
              </value>
            </param>
          </params>
          <reporter-output>
          </reporter-output>
        </test-method> <!-- selenium_check -->
      </class> <!-- grid_hub_node.Grid_Demo_parallel -->
    </test> <!-- Test1 -->
  </suite> <!-- Suite -->
</testng-results>
